<?xml version="1.0" encoding="UTF-8"?>
<!-- Generated by org.testng.reporters.JUnitXMLReporter -->
<testsuite hostname="GUN" name="Default test" tests="3" failures="0" timestamp="28 Aug 2016 18:42:01 GMT" time="13.246" errors="0">
  <testcase name="openSiteTest" time="2.766" classname="com.apust.selenium.otsdemo.CheckMailTest"/>
  <testcase name="loginTest" time="2.771" classname="com.apust.selenium.otsdemo.CheckMailTest"/>
  <testcase name="mailTest" time="4.126" classname="com.apust.selenium.otsdemo.CheckMailTest"/>
</testsuite> <!-- Default test -->
